<testsuites id="" name="" tests="1" failures="0" skipped="0" errors="0" time="20.901135009765625">
<testsuite name="layers/ui/authentication/Auth.admin-user.setup.ts" timestamp="2026-04-28T12:52:51.777Z" hostname="setup-admin-user" tests="1" failures="0" skipped="0" time="18.844" errors="0">
<testcase name="Authenticate Admin User" classname="layers/ui/authentication/Auth.admin-user.setup.ts" time="18.844">
<system-out>
<![CDATA[2026-04-28T14:52:13+02:00 [[32minfo[39m]: Navigated to https://opensource-demo.orangehrmlive.com/web/index.php/auth/login
2026-04-28T14:52:16+02:00 [[32minfo[39m]: company logo state is visible
2026-04-28T14:52:16+02:00 [[32minfo[39m]: login title state is visible
2026-04-28T14:52:16+02:00 [[32minfo[39m]: username input filled successfully with value: ********
2026-04-28T14:52:16+02:00 [[32minfo[39m]: password input filled successfully with value: ********
2026-04-28T14:52:16+02:00 [[32minfo[39m]: Clicked on login button
2026-04-28T14:52:16+02:00 [[32minfo[39m]: invalid credentials error state is hidden
2026-04-28T14:52:28+02:00 [[32minfo[39m]: Dashboard header state is visible
2026-04-28T14:52:28+02:00 [[32minfo[39m]: Upgrade button state is visible
2026-04-28T14:52:28+02:00 [[32minfo[39m]: User dropdown selector state is visible
2026-04-28T14:52:28+02:00 [[35mdebug[39m]: Authentication state saved successfully
2026-04-28T14:52:28+02:00 [[32minfo[39m]: Authentication session state created for role: ADMIN

[[ATTACHMENT|../all-blob-reports/resources/e05c87ad7dd7def3e6b9bd66db8f88264b6634fe.png]]
]]>
</system-out>
</testcase>
</testsuite>
</testsuites>