<testsuites id="" name="" tests="6" failures="0" skipped="0" errors="0" time="131.91904809570312">
<testsuite name="layers/ui/authentication/Auth.admin-user.setup.ts" timestamp="2026-05-15T07:00:05.077Z" hostname="setup-admin-user" tests="1" failures="0" skipped="0" time="16.271" errors="0">
<testcase name="Authenticate Admin User" classname="layers/ui/authentication/Auth.admin-user.setup.ts" time="16.271">
<system-out>
<![CDATA[2026-05-15T08:59:23+02:00 [[32minfo[39m]: Navigated to https://opensource-demo.orangehrmlive.com/web/index.php/auth/login
2026-05-15T08:59:26+02:00 [[32minfo[39m]: company logo state is visible
2026-05-15T08:59:26+02:00 [[32minfo[39m]: login title state is visible
2026-05-15T08:59:26+02:00 [[32minfo[39m]: username input filled successfully with value: ********
2026-05-15T08:59:26+02:00 [[32minfo[39m]: password input filled successfully with value: ********
2026-05-15T08:59:26+02:00 [[32minfo[39m]: Clicked on login button
2026-05-15T08:59:26+02:00 [[32minfo[39m]: invalid credentials error state is hidden
2026-05-15T08:59:35+02:00 [[32minfo[39m]: Dashboard header state is visible
2026-05-15T08:59:35+02:00 [[32minfo[39m]: Upgrade button state is visible
2026-05-15T08:59:35+02:00 [[32minfo[39m]: User dropdown selector state is visible
2026-05-15T08:59:35+02:00 [[35mdebug[39m]: Authentication state saved successfully
2026-05-15T08:59:35+02:00 [[32minfo[39m]: Authentication session state created for role: ADMIN

[[ATTACHMENT|../all-blob-reports/resources/8b0dbdfe135adf914b62d3a381ec79b21db95bd8.png]]
]]>
</system-out>
</testcase>
</testsuite>
<testsuite name="layers/ui/login/ValidLogin.spec.ts" timestamp="2026-05-15T07:00:05.077Z" hostname="admin-user" tests="1" failures="0" skipped="0" time="10.531" errors="0">
<testcase name="Valid Login Test Suite › should display invalid credentials error when submitting login form with incorrect username" classname="layers/ui/login/ValidLogin.spec.ts" time="10.531">
<system-out>
<![CDATA[2026-05-15T08:59:45+02:00 [[32minfo[39m]: Navigated to https://opensource-demo.orangehrmlive.com/web/index.php/auth/login
2026-05-15T08:59:47+02:00 [[32minfo[39m]: Dashboard header state is visible
2026-05-15T08:59:47+02:00 [[32minfo[39m]: Assertion Passed: Invalid credentials error displayed when submitting login form with incorrect username

[[ATTACHMENT|../all-blob-reports/resources/c2384ef1bbf7c0415ecb6de8e6698938f8e9ebdc.png]]
]]>
</system-out>
</testcase>
</testsuite>
<testsuite name="layers/ui/authentication/Auth.admin-user.setup.ts" timestamp="2026-05-15T07:00:05.077Z" hostname="setup-admin-user" tests="1" failures="0" skipped="0" time="12.247" errors="0">
<testcase name="Authenticate Admin User" classname="layers/ui/authentication/Auth.admin-user.setup.ts" time="12.247">
<system-out>
<![CDATA[2026-05-15T08:57:45+02:00 [[32minfo[39m]: Navigated to https://opensource-demo.orangehrmlive.com/web/index.php/auth/login
2026-05-15T08:57:47+02:00 [[32minfo[39m]: company logo state is visible
2026-05-15T08:57:47+02:00 [[32minfo[39m]: login title state is visible
2026-05-15T08:57:47+02:00 [[32minfo[39m]: username input filled successfully with value: ********
2026-05-15T08:57:47+02:00 [[32minfo[39m]: password input filled successfully with value: ********
2026-05-15T08:57:47+02:00 [[32minfo[39m]: Clicked on login button
2026-05-15T08:57:47+02:00 [[32minfo[39m]: invalid credentials error state is hidden
2026-05-15T08:57:53+02:00 [[32minfo[39m]: Dashboard header state is visible
2026-05-15T08:57:53+02:00 [[32minfo[39m]: Upgrade button state is visible
2026-05-15T08:57:53+02:00 [[32minfo[39m]: User dropdown selector state is visible
2026-05-15T08:57:53+02:00 [[35mdebug[39m]: Authentication state saved successfully
2026-05-15T08:57:53+02:00 [[32minfo[39m]: Authentication session state created for role: ADMIN

[[ATTACHMENT|../all-blob-reports/resources/0dfd4654c784be112f36cfcfd8a6bc9fae7f202c.png]]
]]>
</system-out>
</testcase>
</testsuite>
<testsuite name="layers/ui/login/ValidLogin.spec.ts" timestamp="2026-05-15T07:00:05.077Z" hostname="admin-user" tests="1" failures="0" skipped="0" time="4.137" errors="0">
<testcase name="Valid Login Test Suite › verify page title is displayed correctly" classname="layers/ui/login/ValidLogin.spec.ts" time="4.137">
<system-out>
<![CDATA[2026-05-15T08:57:58+02:00 [[32minfo[39m]: Navigated to https://opensource-demo.orangehrmlive.com/web/index.php/auth/login
2026-05-15T08:57:58+02:00 [[32minfo[39m]: Retrieved page title
2026-05-15T08:57:58+02:00 [[32minfo[39m]: Verified: Page title 'OrangeHRM' matches expected 'OrangeHRM'
2026-05-15T08:57:58+02:00 [[32minfo[39m]: Assertion Passed: Page title is correctly displayed as "OrangeHRM"

[[ATTACHMENT|../all-blob-reports/resources/fbbcb6d4938153a28c56014f606cae042cddcc84.png]]
]]>
</system-out>
</testcase>
</testsuite>
<testsuite name="layers/ui/authentication/Auth.admin-user.setup.ts" timestamp="2026-05-15T07:00:05.077Z" hostname="setup-admin-user" tests="1" failures="0" skipped="0" time="5.638" errors="0">
<testcase name="Authenticate Admin User" classname="layers/ui/authentication/Auth.admin-user.setup.ts" time="5.638">
<system-out>
<![CDATA[2026-05-15T08:58:30+02:00 [[32minfo[39m]: Navigated to https://opensource-demo.orangehrmlive.com/web/index.php/auth/login
2026-05-15T08:58:30+02:00 [[32minfo[39m]: company logo state is visible
2026-05-15T08:58:30+02:00 [[32minfo[39m]: login title state is visible
2026-05-15T08:58:30+02:00 [[32minfo[39m]: username input filled successfully with value: ********
2026-05-15T08:58:30+02:00 [[32minfo[39m]: password input filled successfully with value: ********
2026-05-15T08:58:30+02:00 [[32minfo[39m]: Clicked on login button
2026-05-15T08:58:30+02:00 [[32minfo[39m]: invalid credentials error state is hidden
2026-05-15T08:58:33+02:00 [[32minfo[39m]: Dashboard header state is visible
2026-05-15T08:58:33+02:00 [[32minfo[39m]: Upgrade button state is visible
2026-05-15T08:58:33+02:00 [[32minfo[39m]: User dropdown selector state is visible
2026-05-15T08:58:33+02:00 [[35mdebug[39m]: Authentication state saved successfully
2026-05-15T08:58:33+02:00 [[32minfo[39m]: Authentication session state created for role: ADMIN

[[ATTACHMENT|../all-blob-reports/resources/0675de613870c6f7975301fc1a9b8e6d88734472.png]]
]]>
</system-out>
</testcase>
</testsuite>
<testsuite name="layers/ui/menuItems/Dashboard.spec.ts" timestamp="2026-05-15T07:00:05.077Z" hostname="admin-user" tests="1" failures="0" skipped="0" time="5.42" errors="0">
<testcase name="Dashboard Test Suite › should load dashboard as the default page after successful login" classname="layers/ui/menuItems/Dashboard.spec.ts" time="5.42">
<system-out>
<![CDATA[2026-05-15T08:58:39+02:00 [[32minfo[39m]: Navigated to https://opensource-demo.orangehrmlive.com/web/index.php/auth/login
2026-05-15T08:58:40+02:00 [[32minfo[39m]: Class "active" found on element
2026-05-15T08:58:40+02:00 [[32minfo[39m]: Verified: Dashboard is the default page with URL: /dashboard\/index/
2026-05-15T08:58:40+02:00 [[32minfo[39m]: Assertion Passed: Dashboard is loaded as the default page with correct URL and title

[[ATTACHMENT|../all-blob-reports/resources/d865eb4fdbaf12aa877a289fffdc14203e3e04c3.png]]
]]>
</system-out>
</testcase>
</testsuite>
</testsuites>