<testsuites id="" name="" tests="11" failures="0" skipped="0" errors="0" time="36.87910009765625">
<testsuite name="layers/ui/authentication/Auth.admin-user.setup.ts" timestamp="2026-04-28T18:39:48.187Z" hostname="setup-admin-user" tests="1" failures="0" skipped="0" time="8.952" errors="0">
<testcase name="Authenticate Admin User" classname="layers/ui/authentication/Auth.admin-user.setup.ts" time="8.952">
<system-out>
<![CDATA[2026-04-28T20:38:55+02:00 [[32minfo[39m]: Navigated to https://opensource-demo.orangehrmlive.com/web/index.php/auth/login
2026-04-28T20:38:57+02:00 [[32minfo[39m]: company logo state is visible
2026-04-28T20:38:57+02:00 [[32minfo[39m]: login title state is visible
2026-04-28T20:38:57+02:00 [[32minfo[39m]: username input filled successfully with value: ********
2026-04-28T20:38:57+02:00 [[32minfo[39m]: password input filled successfully with value: ********
2026-04-28T20:38:57+02:00 [[32minfo[39m]: Clicked on login button
2026-04-28T20:38:57+02:00 [[32minfo[39m]: invalid credentials error state is hidden
2026-04-28T20:39:01+02:00 [[32minfo[39m]: Dashboard header state is visible
2026-04-28T20:39:01+02:00 [[32minfo[39m]: Upgrade button state is visible
2026-04-28T20:39:01+02:00 [[32minfo[39m]: User dropdown selector state is visible
2026-04-28T20:39:01+02:00 [[35mdebug[39m]: Authentication state saved successfully
2026-04-28T20:39:01+02:00 [[32minfo[39m]: Authentication session state created for role: ADMIN

[[ATTACHMENT|../all-blob-reports/resources/55ffff8a7f0edcd489b7be2e68f19f617d753979.png]]
]]>
</system-out>
</testcase>
</testsuite>
<testsuite name="layers/ui/login/InvalidLogin.spec.ts" timestamp="2026-04-28T18:39:48.187Z" hostname="admin-user" tests="2" failures="0" skipped="0" time="9.804" errors="0">
<testcase name="Invalid Login Test Suite › should display required field errors when submitting login form without credentials" classname="layers/ui/login/InvalidLogin.spec.ts" time="5.707">
<system-out>
<![CDATA[2026-04-28T20:39:07+02:00 [[32minfo[39m]: Navigated to https://opensource-demo.orangehrmlive.com/web/index.php/auth/login
2026-04-28T20:39:08+02:00 [[32minfo[39m]: company logo state is visible
2026-04-28T20:39:08+02:00 [[32minfo[39m]: login title state is visible
2026-04-28T20:39:08+02:00 [[32minfo[39m]: username input filled successfully with value: ********
2026-04-28T20:39:08+02:00 [[32minfo[39m]: password input filled successfully with value: ********
2026-04-28T20:39:08+02:00 [[32minfo[39m]: Clicked on login button
2026-04-28T20:39:08+02:00 [[32minfo[39m]: username required error state is visible
2026-04-28T20:39:08+02:00 [[32minfo[39m]: password required error state is visible
2026-04-28T20:39:08+02:00 [[32minfo[39m]: Assertion Passed: Required field errors displayed when submitting login form without credentials

[[ATTACHMENT|../all-blob-reports/resources/f12c37d30cd642ae998c904495f79d3b5ae1a983.png]]
]]>
</system-out>
</testcase>
<testcase name="Invalid Login Test Suite › should display invalid credentials error when submitting login form with incorrect username and password" classname="layers/ui/login/InvalidLogin.spec.ts" time="4.097">
<system-out>
<![CDATA[2026-04-28T20:39:10+02:00 [[32minfo[39m]: Navigated to https://opensource-demo.orangehrmlive.com/web/index.php/auth/login
2026-04-28T20:39:10+02:00 [[32minfo[39m]: company logo state is visible
2026-04-28T20:39:11+02:00 [[32minfo[39m]: login title state is visible
2026-04-28T20:39:11+02:00 [[32minfo[39m]: username input filled successfully with value: ********
2026-04-28T20:39:11+02:00 [[32minfo[39m]: password input filled successfully with value: ********
2026-04-28T20:39:11+02:00 [[32minfo[39m]: Clicked on login button
2026-04-28T20:39:12+02:00 [[32minfo[39m]: invalid credentials error state is visible
2026-04-28T20:39:12+02:00 [[32minfo[39m]: Assertion Passed: Invalid credentials error displayed when submitting login form with incorrect username and password

[[ATTACHMENT|../all-blob-reports/resources/298a72b12889b3a12cdc5cf11f9bc5129d53b430.png]]
]]>
</system-out>
</testcase>
</testsuite>
<testsuite name="layers/ui/authentication/Auth.admin-user.setup.ts" timestamp="2026-04-28T18:39:48.187Z" hostname="setup-admin-user" tests="1" failures="0" skipped="0" time="5.673" errors="0">
<testcase name="Authenticate Admin User" classname="layers/ui/authentication/Auth.admin-user.setup.ts" time="5.673">
<system-out>
<![CDATA[2026-04-28T20:39:14+02:00 [[32minfo[39m]: Navigated to https://opensource-demo.orangehrmlive.com/web/index.php/auth/login
2026-04-28T20:39:14+02:00 [[32minfo[39m]: company logo state is visible
2026-04-28T20:39:14+02:00 [[32minfo[39m]: login title state is visible
2026-04-28T20:39:14+02:00 [[32minfo[39m]: username input filled successfully with value: ********
2026-04-28T20:39:14+02:00 [[32minfo[39m]: password input filled successfully with value: ********
2026-04-28T20:39:14+02:00 [[32minfo[39m]: Clicked on login button
2026-04-28T20:39:14+02:00 [[32minfo[39m]: invalid credentials error state is hidden
2026-04-28T20:39:16+02:00 [[32minfo[39m]: Dashboard header state is visible
2026-04-28T20:39:16+02:00 [[32minfo[39m]: Upgrade button state is visible
2026-04-28T20:39:16+02:00 [[32minfo[39m]: User dropdown selector state is visible
2026-04-28T20:39:16+02:00 [[35mdebug[39m]: Authentication state saved successfully
2026-04-28T20:39:16+02:00 [[32minfo[39m]: Authentication session state created for role: ADMIN

[[ATTACHMENT|../all-blob-reports/resources/443a162c8ebfbf7863e38c64b9c537b153aee470.png]]
]]>
</system-out>
</testcase>
</testsuite>
<testsuite name="layers/ui/login/InvalidLogin.spec.ts" timestamp="2026-04-28T18:39:48.187Z" hostname="admin-user" tests="2" failures="0" skipped="0" time="11.023" errors="0">
<testcase name="Invalid Login Test Suite › should display invalid credentials error when submitting login form with incorrect username" classname="layers/ui/login/InvalidLogin.spec.ts" time="5.689">
<system-out>
<![CDATA[2026-04-28T20:39:20+02:00 [[32minfo[39m]: Navigated to https://opensource-demo.orangehrmlive.com/web/index.php/auth/login
2026-04-28T20:39:21+02:00 [[32minfo[39m]: company logo state is visible
2026-04-28T20:39:21+02:00 [[32minfo[39m]: login title state is visible
2026-04-28T20:39:21+02:00 [[32minfo[39m]: username input filled successfully with value: ********
2026-04-28T20:39:21+02:00 [[32minfo[39m]: password input filled successfully with value: ********
2026-04-28T20:39:21+02:00 [[32minfo[39m]: Clicked on login button
2026-04-28T20:39:22+02:00 [[32minfo[39m]: invalid credentials error state is visible
2026-04-28T20:39:22+02:00 [[32minfo[39m]: Assertion Passed: Invalid credentials error displayed when submitting login form with incorrect username

[[ATTACHMENT|../all-blob-reports/resources/12efe30fb1ac4e72f2c7b037617d7bfc243f58d8.png]]
]]>
</system-out>
</testcase>
<testcase name="Invalid Login Test Suite › should display invalid credentials error when submitting login form with incorrect password" classname="layers/ui/login/InvalidLogin.spec.ts" time="5.334">
<system-out>
<![CDATA[2026-04-28T20:39:25+02:00 [[32minfo[39m]: Navigated to https://opensource-demo.orangehrmlive.com/web/index.php/auth/login
2026-04-28T20:39:26+02:00 [[32minfo[39m]: company logo state is visible
2026-04-28T20:39:26+02:00 [[32minfo[39m]: login title state is visible
2026-04-28T20:39:26+02:00 [[32minfo[39m]: username input filled successfully with value: ********
2026-04-28T20:39:26+02:00 [[32minfo[39m]: password input filled successfully with value: ********
2026-04-28T20:39:26+02:00 [[32minfo[39m]: Clicked on login button
2026-04-28T20:39:28+02:00 [[32minfo[39m]: invalid credentials error state is visible
2026-04-28T20:39:28+02:00 [[32minfo[39m]: Assertion Passed: Invalid credentials error displayed when submitting login form with incorrect password

[[ATTACHMENT|../all-blob-reports/resources/45e2c0790bece5f139cd27ecf859a1b3ae2e82bd.png]]
]]>
</system-out>
</testcase>
</testsuite>
<testsuite name="layers/ui/authentication/Auth.admin-user.setup.ts" timestamp="2026-04-28T18:39:48.187Z" hostname="setup-admin-user" tests="1" failures="0" skipped="0" time="10.969" errors="0">
<testcase name="Authenticate Admin User" classname="layers/ui/authentication/Auth.admin-user.setup.ts" time="10.969">
<system-out>
<![CDATA[2026-04-28T20:38:58+02:00 [[32minfo[39m]: Navigated to https://opensource-demo.orangehrmlive.com/web/index.php/auth/login
2026-04-28T20:39:00+02:00 [[32minfo[39m]: company logo state is visible
2026-04-28T20:39:00+02:00 [[32minfo[39m]: login title state is visible
2026-04-28T20:39:00+02:00 [[32minfo[39m]: username input filled successfully with value: ********
2026-04-28T20:39:00+02:00 [[32minfo[39m]: password input filled successfully with value: ********
2026-04-28T20:39:00+02:00 [[32minfo[39m]: Clicked on login button
2026-04-28T20:39:00+02:00 [[32minfo[39m]: invalid credentials error state is hidden
2026-04-28T20:39:03+02:00 [[32minfo[39m]: Dashboard header state is visible
2026-04-28T20:39:03+02:00 [[32minfo[39m]: Upgrade button state is visible
2026-04-28T20:39:03+02:00 [[32minfo[39m]: User dropdown selector state is visible
2026-04-28T20:39:03+02:00 [[35mdebug[39m]: Authentication state saved successfully
2026-04-28T20:39:03+02:00 [[32minfo[39m]: Authentication session state created for role: ADMIN

[[ATTACHMENT|../all-blob-reports/resources/5f2d31fc2c2d0f280094500aa173227be20f6a75.png]]
]]>
</system-out>
</testcase>
</testsuite>
<testsuite name="layers/ui/login/ValidLogin.spec.ts" timestamp="2026-04-28T18:39:48.187Z" hostname="admin-user" tests="2" failures="0" skipped="0" time="7.948" errors="0">
<testcase name="Valid Login Test Suite › should display invalid credentials error when submitting login form with incorrect username" classname="layers/ui/login/ValidLogin.spec.ts" time="4.714">
<system-out>
<![CDATA[2026-04-28T20:39:10+02:00 [[32minfo[39m]: Navigated to https://opensource-demo.orangehrmlive.com/web/index.php/auth/login
2026-04-28T20:39:10+02:00 [[32minfo[39m]: Dashboard header state is visible
2026-04-28T20:39:10+02:00 [[32minfo[39m]: Assertion Passed: Invalid credentials error displayed when submitting login form with incorrect username

[[ATTACHMENT|../all-blob-reports/resources/807c2349cdb68ee42a217f2d12ffa09d5e4a902f.png]]
]]>
</system-out>
</testcase>
<testcase name="Valid Login Test Suite › verify page title is displayed correctly" classname="layers/ui/login/ValidLogin.spec.ts" time="3.234">
<system-out>
<![CDATA[2026-04-28T20:39:14+02:00 [[32minfo[39m]: Navigated to https://opensource-demo.orangehrmlive.com/web/index.php/auth/login
2026-04-28T20:39:14+02:00 [[32minfo[39m]: Retrieved page title
2026-04-28T20:39:14+02:00 [[32minfo[39m]: Verified: Page title 'OrangeHRM' matches expected 'OrangeHRM'
2026-04-28T20:39:14+02:00 [[32minfo[39m]: Assertion Passed: Page title is correctly displayed as "OrangeHRM"

[[ATTACHMENT|../all-blob-reports/resources/cafd146bc04640bf2e507a1fffcb78851f8c1359.png]]
]]>
</system-out>
</testcase>
</testsuite>
<testsuite name="layers/ui/authentication/Auth.admin-user.setup.ts" timestamp="2026-04-28T18:39:48.187Z" hostname="setup-admin-user" tests="1" failures="0" skipped="0" time="12.264" errors="0">
<testcase name="Authenticate Admin User" classname="layers/ui/authentication/Auth.admin-user.setup.ts" time="12.264">
<system-out>
<![CDATA[2026-04-28T20:38:58+02:00 [[32minfo[39m]: Navigated to https://opensource-demo.orangehrmlive.com/web/index.php/auth/login
2026-04-28T20:39:00+02:00 [[32minfo[39m]: company logo state is visible
2026-04-28T20:39:00+02:00 [[32minfo[39m]: login title state is visible
2026-04-28T20:39:00+02:00 [[32minfo[39m]: username input filled successfully with value: ********
2026-04-28T20:39:00+02:00 [[32minfo[39m]: password input filled successfully with value: ********
2026-04-28T20:39:00+02:00 [[32minfo[39m]: Clicked on login button
2026-04-28T20:39:00+02:00 [[32minfo[39m]: invalid credentials error state is hidden
2026-04-28T20:39:03+02:00 [[32minfo[39m]: Dashboard header state is visible
2026-04-28T20:39:03+02:00 [[32minfo[39m]: Upgrade button state is visible
2026-04-28T20:39:03+02:00 [[32minfo[39m]: User dropdown selector state is visible
2026-04-28T20:39:03+02:00 [[35mdebug[39m]: Authentication state saved successfully
2026-04-28T20:39:03+02:00 [[32minfo[39m]: Authentication session state created for role: ADMIN

[[ATTACHMENT|../all-blob-reports/resources/3e9f221f8825571918e183fa4c94d2d402253d42.png]]
]]>
</system-out>
</testcase>
</testsuite>
<testsuite name="layers/ui/menuItems/Dashboard.spec.ts" timestamp="2026-04-28T18:39:48.187Z" hostname="admin-user" tests="1" failures="0" skipped="0" time="4.533" errors="0">
<testcase name="Dashboard Test Suite › should load dashboard as the default page after successful login" classname="layers/ui/menuItems/Dashboard.spec.ts" time="4.533">
<system-out>
<![CDATA[2026-04-28T20:39:10+02:00 [[32minfo[39m]: Navigated to https://opensource-demo.orangehrmlive.com/web/index.php/auth/login
2026-04-28T20:39:11+02:00 [[32minfo[39m]: Class "active" found on element
2026-04-28T20:39:11+02:00 [[32minfo[39m]: Verified: Dashboard is the default page with URL: /dashboard\/index/
2026-04-28T20:39:11+02:00 [[32minfo[39m]: Assertion Passed: Dashboard is loaded as the default page with correct URL and title

[[ATTACHMENT|../all-blob-reports/resources/3109f1e0a28f5d98a72810093e39d1593e47798f.png]]
]]>
</system-out>
</testcase>
</testsuite>
</testsuites>