<testsuites id="" name="" tests="11" failures="0" skipped="0" errors="0" time="54.36522290039063">
<testsuite name="layers/ui/authentication/Auth.admin-user.setup.ts" timestamp="2026-07-15T05:09:15.959Z" hostname="setup-admin-user" tests="1" failures="0" skipped="0" time="20.481" errors="0">
<testcase name="Authenticate Admin User" classname="layers/ui/authentication/Auth.admin-user.setup.ts" time="20.481">
<system-out>
<![CDATA[2026-07-15T07:08:08+02:00 [[32minfo[39m]: Navigated to https://opensource-demo.orangehrmlive.com/web/index.php/auth/login
2026-07-15T07:08:12+02:00 [[32minfo[39m]: company logo state is visible
2026-07-15T07:08:12+02:00 [[32minfo[39m]: login title state is visible
2026-07-15T07:08:12+02:00 [[32minfo[39m]: username input filled successfully with value: ********
2026-07-15T07:08:12+02:00 [[32minfo[39m]: password input filled successfully with value: ********
2026-07-15T07:08:12+02:00 [[32minfo[39m]: Clicked on login button
2026-07-15T07:08:12+02:00 [[32minfo[39m]: invalid credentials error state is hidden
2026-07-15T07:08:24+02:00 [[32minfo[39m]: Dashboard header state is visible
2026-07-15T07:08:24+02:00 [[32minfo[39m]: Upgrade button state is visible
2026-07-15T07:08:24+02:00 [[32minfo[39m]: User dropdown selector state is visible
2026-07-15T07:08:24+02:00 [[35mdebug[39m]: Authentication state saved successfully
2026-07-15T07:08:24+02:00 [[32minfo[39m]: Authentication session state created for role: ADMIN

[[ATTACHMENT|../all-blob-reports/resources/f4490de9a01ce504cf0ee8568f69982cb83687fc.png]]
]]>
</system-out>
</testcase>
</testsuite>
<testsuite name="layers/ui/login/InvalidLogin.spec.ts" timestamp="2026-07-15T05:09:15.959Z" hostname="admin-user" tests="2" failures="0" skipped="0" time="21.195" errors="0">
<testcase name="Invalid Login Test Suite › should display required field errors when submitting login form without credentials" classname="layers/ui/login/InvalidLogin.spec.ts" time="5.563">
<system-out>
<![CDATA[2026-07-15T07:08:29+02:00 [[32minfo[39m]: Navigated to https://opensource-demo.orangehrmlive.com/web/index.php/auth/login
2026-07-15T07:08:31+02:00 [[32minfo[39m]: company logo state is visible
2026-07-15T07:08:31+02:00 [[32minfo[39m]: login title state is visible
2026-07-15T07:08:31+02:00 [[32minfo[39m]: username input filled successfully with value: ********
2026-07-15T07:08:31+02:00 [[32minfo[39m]: password input filled successfully with value: ********
2026-07-15T07:08:31+02:00 [[32minfo[39m]: Clicked on login button
2026-07-15T07:08:31+02:00 [[32minfo[39m]: username required error state is visible
2026-07-15T07:08:31+02:00 [[32minfo[39m]: password required error state is visible
2026-07-15T07:08:31+02:00 [[32minfo[39m]: Assertion Passed: Required field errors displayed when submitting login form without credentials

[[ATTACHMENT|../all-blob-reports/resources/9b00a540735b811c20f97627d7d123b0a3b21c5a.png]]
]]>
</system-out>
</testcase>
<testcase name="Invalid Login Test Suite › should display invalid credentials error when submitting login form with incorrect username and password" classname="layers/ui/login/InvalidLogin.spec.ts" time="15.632">
<system-out>
<![CDATA[2026-07-15T07:08:35+02:00 [[32minfo[39m]: Navigated to https://opensource-demo.orangehrmlive.com/web/index.php/auth/login
2026-07-15T07:08:38+02:00 [[32minfo[39m]: company logo state is visible
2026-07-15T07:08:38+02:00 [[32minfo[39m]: login title state is visible
2026-07-15T07:08:38+02:00 [[32minfo[39m]: username input filled successfully with value: ********
2026-07-15T07:08:38+02:00 [[32minfo[39m]: password input filled successfully with value: ********
2026-07-15T07:08:38+02:00 [[32minfo[39m]: Clicked on login button
2026-07-15T07:08:47+02:00 [[32minfo[39m]: invalid credentials error state is visible
2026-07-15T07:08:47+02:00 [[32minfo[39m]: Assertion Passed: Invalid credentials error displayed when submitting login form with incorrect username and password

[[ATTACHMENT|../all-blob-reports/resources/337285ac7faaab658e9d8c6ae8f1bd47467b7ad7.png]]
]]>
</system-out>
</testcase>
</testsuite>
<testsuite name="layers/ui/authentication/Auth.admin-user.setup.ts" timestamp="2026-07-15T05:09:15.959Z" hostname="setup-admin-user" tests="1" failures="0" skipped="0" time="16.22" errors="0">
<testcase name="Authenticate Admin User" classname="layers/ui/authentication/Auth.admin-user.setup.ts" time="16.22">
<system-out>
<![CDATA[2026-07-15T07:08:04+02:00 [[32minfo[39m]: Navigated to https://opensource-demo.orangehrmlive.com/web/index.php/auth/login
2026-07-15T07:08:07+02:00 [[32minfo[39m]: company logo state is visible
2026-07-15T07:08:07+02:00 [[32minfo[39m]: login title state is visible
2026-07-15T07:08:07+02:00 [[32minfo[39m]: username input filled successfully with value: ********
2026-07-15T07:08:07+02:00 [[32minfo[39m]: password input filled successfully with value: ********
2026-07-15T07:08:07+02:00 [[32minfo[39m]: Clicked on login button
2026-07-15T07:08:07+02:00 [[32minfo[39m]: invalid credentials error state is hidden
2026-07-15T07:08:16+02:00 [[32minfo[39m]: Dashboard header state is visible
2026-07-15T07:08:16+02:00 [[32minfo[39m]: Upgrade button state is visible
2026-07-15T07:08:16+02:00 [[32minfo[39m]: User dropdown selector state is visible
2026-07-15T07:08:16+02:00 [[35mdebug[39m]: Authentication state saved successfully
2026-07-15T07:08:16+02:00 [[32minfo[39m]: Authentication session state created for role: ADMIN

[[ATTACHMENT|../all-blob-reports/resources/80c647a33cd96bdd0c9a581e67f6e418236e0853.png]]
]]>
</system-out>
</testcase>
</testsuite>
<testsuite name="layers/ui/login/InvalidLogin.spec.ts" timestamp="2026-07-15T05:09:15.959Z" hostname="admin-user" tests="2" failures="0" skipped="0" time="34.867" errors="0">
<testcase name="Invalid Login Test Suite › should display invalid credentials error when submitting login form with incorrect username" classname="layers/ui/login/InvalidLogin.spec.ts" time="14.386">
<system-out>
<![CDATA[2026-07-15T07:08:22+02:00 [[32minfo[39m]: Navigated to https://opensource-demo.orangehrmlive.com/web/index.php/auth/login
2026-07-15T07:08:26+02:00 [[32minfo[39m]: company logo state is visible
2026-07-15T07:08:26+02:00 [[32minfo[39m]: login title state is visible
2026-07-15T07:08:26+02:00 [[32minfo[39m]: username input filled successfully with value: ********
2026-07-15T07:08:26+02:00 [[32minfo[39m]: password input filled successfully with value: ********
2026-07-15T07:08:26+02:00 [[32minfo[39m]: Clicked on login button
2026-07-15T07:08:32+02:00 [[32minfo[39m]: invalid credentials error state is visible
2026-07-15T07:08:32+02:00 [[32minfo[39m]: Assertion Passed: Invalid credentials error displayed when submitting login form with incorrect username

[[ATTACHMENT|../all-blob-reports/resources/377c3abbbf67665fe2d7f36d80286a2382181791.png]]
]]>
</system-out>
</testcase>
<testcase name="Invalid Login Test Suite › should display invalid credentials error when submitting login form with incorrect password" classname="layers/ui/login/InvalidLogin.spec.ts" time="20.481">
<system-out>
<![CDATA[2026-07-15T07:08:36+02:00 [[32minfo[39m]: Navigated to https://opensource-demo.orangehrmlive.com/web/index.php/auth/login
2026-07-15T07:08:40+02:00 [[32minfo[39m]: company logo state is visible
2026-07-15T07:08:40+02:00 [[32minfo[39m]: login title state is visible
2026-07-15T07:08:40+02:00 [[32minfo[39m]: username input filled successfully with value: ********
2026-07-15T07:08:40+02:00 [[32minfo[39m]: password input filled successfully with value: ********
2026-07-15T07:08:40+02:00 [[32minfo[39m]: Clicked on login button
2026-07-15T07:08:52+02:00 [[32minfo[39m]: invalid credentials error state is visible
2026-07-15T07:08:52+02:00 [[32minfo[39m]: Assertion Passed: Invalid credentials error displayed when submitting login form with incorrect password

[[ATTACHMENT|../all-blob-reports/resources/9928bae6b259579a52b5d70c5e41b7b131e63c61.png]]
]]>
</system-out>
</testcase>
</testsuite>
<testsuite name="layers/ui/authentication/Auth.admin-user.setup.ts" timestamp="2026-07-15T05:09:15.959Z" hostname="setup-admin-user" tests="1" failures="0" skipped="0" time="16.759" errors="0">
<testcase name="Authenticate Admin User" classname="layers/ui/authentication/Auth.admin-user.setup.ts" time="16.759">
<system-out>
<![CDATA[2026-07-15T07:08:05+02:00 [[32minfo[39m]: Navigated to https://opensource-demo.orangehrmlive.com/web/index.php/auth/login
2026-07-15T07:08:08+02:00 [[32minfo[39m]: company logo state is visible
2026-07-15T07:08:08+02:00 [[32minfo[39m]: login title state is visible
2026-07-15T07:08:08+02:00 [[32minfo[39m]: username input filled successfully with value: ********
2026-07-15T07:08:08+02:00 [[32minfo[39m]: password input filled successfully with value: ********
2026-07-15T07:08:08+02:00 [[32minfo[39m]: Clicked on login button
2026-07-15T07:08:08+02:00 [[32minfo[39m]: invalid credentials error state is hidden
2026-07-15T07:08:16+02:00 [[32minfo[39m]: Dashboard header state is visible
2026-07-15T07:08:16+02:00 [[32minfo[39m]: Upgrade button state is visible
2026-07-15T07:08:16+02:00 [[32minfo[39m]: User dropdown selector state is visible
2026-07-15T07:08:16+02:00 [[35mdebug[39m]: Authentication state saved successfully
2026-07-15T07:08:16+02:00 [[32minfo[39m]: Authentication session state created for role: ADMIN

[[ATTACHMENT|../all-blob-reports/resources/c3f45f8c7fd9e033283699e2ef7d78d79d5d111b.png]]
]]>
</system-out>
</testcase>
</testsuite>
<testsuite name="layers/ui/login/ValidLogin.spec.ts" timestamp="2026-07-15T05:09:15.959Z" hostname="admin-user" tests="2" failures="0" skipped="0" time="18.596" errors="0">
<testcase name="Valid Login Test Suite › should display invalid credentials error when submitting login form with incorrect username" classname="layers/ui/login/ValidLogin.spec.ts" time="13.278">
<system-out>
<![CDATA[2026-07-15T07:08:29+02:00 [[32minfo[39m]: Navigated to https://opensource-demo.orangehrmlive.com/web/index.php/auth/login
2026-07-15T07:08:31+02:00 [[32minfo[39m]: Dashboard header state is visible
2026-07-15T07:08:31+02:00 [[32minfo[39m]: Assertion Passed: Invalid credentials error displayed when submitting login form with incorrect username

[[ATTACHMENT|../all-blob-reports/resources/f74797c404899b3506631058aef47fe57ff23274.png]]
]]>
</system-out>
</testcase>
<testcase name="Valid Login Test Suite › verify page title is displayed correctly" classname="layers/ui/login/ValidLogin.spec.ts" time="5.318">
<system-out>
<![CDATA[2026-07-15T07:08:37+02:00 [[32minfo[39m]: Navigated to https://opensource-demo.orangehrmlive.com/web/index.php/auth/login
2026-07-15T07:08:37+02:00 [[32minfo[39m]: Retrieved page title
2026-07-15T07:08:37+02:00 [[32minfo[39m]: Verified: Page title 'OrangeHRM' matches expected 'OrangeHRM'
2026-07-15T07:08:37+02:00 [[32minfo[39m]: Assertion Passed: Page title is correctly displayed as "OrangeHRM"

[[ATTACHMENT|../all-blob-reports/resources/c06eccc1562769ed224488623fae4b8a565ebe9d.png]]
]]>
</system-out>
</testcase>
</testsuite>
<testsuite name="layers/ui/authentication/Auth.admin-user.setup.ts" timestamp="2026-07-15T05:09:15.959Z" hostname="setup-admin-user" tests="1" failures="0" skipped="0" time="15.958" errors="0">
<testcase name="Authenticate Admin User" classname="layers/ui/authentication/Auth.admin-user.setup.ts" time="15.958">
<system-out>
<![CDATA[2026-07-15T07:08:04+02:00 [[32minfo[39m]: Navigated to https://opensource-demo.orangehrmlive.com/web/index.php/auth/login
2026-07-15T07:08:07+02:00 [[32minfo[39m]: company logo state is visible
2026-07-15T07:08:07+02:00 [[32minfo[39m]: login title state is visible
2026-07-15T07:08:07+02:00 [[32minfo[39m]: username input filled successfully with value: ********
2026-07-15T07:08:07+02:00 [[32minfo[39m]: password input filled successfully with value: ********
2026-07-15T07:08:07+02:00 [[32minfo[39m]: Clicked on login button
2026-07-15T07:08:07+02:00 [[32minfo[39m]: invalid credentials error state is hidden
2026-07-15T07:08:16+02:00 [[32minfo[39m]: Dashboard header state is visible
2026-07-15T07:08:16+02:00 [[32minfo[39m]: Upgrade button state is visible
2026-07-15T07:08:16+02:00 [[32minfo[39m]: User dropdown selector state is visible
2026-07-15T07:08:16+02:00 [[35mdebug[39m]: Authentication state saved successfully
2026-07-15T07:08:16+02:00 [[32minfo[39m]: Authentication session state created for role: ADMIN

[[ATTACHMENT|../all-blob-reports/resources/047e9c12cb65b1e3fb5a717e460fb04d6d9f12b2.png]]
]]>
</system-out>
</testcase>
</testsuite>
<testsuite name="layers/ui/menuItems/Dashboard.spec.ts" timestamp="2026-07-15T05:09:15.959Z" hostname="admin-user" tests="1" failures="0" skipped="0" time="12.355" errors="0">
<testcase name="Dashboard Test Suite › should load dashboard as the default page after successful login" classname="layers/ui/menuItems/Dashboard.spec.ts" time="12.355">
<system-out>
<![CDATA[2026-07-15T07:08:28+02:00 [[32minfo[39m]: Navigated to https://opensource-demo.orangehrmlive.com/web/index.php/auth/login
2026-07-15T07:08:29+02:00 [[32minfo[39m]: Class "active" found on element
2026-07-15T07:08:29+02:00 [[32minfo[39m]: Verified: Dashboard is the default page with URL: /dashboard\/index/
2026-07-15T07:08:29+02:00 [[32minfo[39m]: Assertion Passed: Dashboard is loaded as the default page with correct URL and title

[[ATTACHMENT|../all-blob-reports/resources/c78e0d1e591982964177bcea7f3df1621e4653cc.png]]
]]>
</system-out>
</testcase>
</testsuite>
</testsuites>