<testsuites id="" name="" tests="6" failures="0" skipped="0" errors="0" time="47.451949951171876">
<testsuite name="layers/ui/authentication/Auth.admin-user.setup.ts" timestamp="2026-06-12T08:28:12.128Z" hostname="setup-admin-user" tests="1" failures="0" skipped="0" time="23.527" errors="0">
<testcase name="Authenticate Admin User" classname="layers/ui/authentication/Auth.admin-user.setup.ts" time="23.527">
<system-out>
<![CDATA[2026-06-12T10:27:10+02:00 [[32minfo[39m]: Navigated to https://opensource-demo.orangehrmlive.com/web/index.php/auth/login
2026-06-12T10:27:13+02:00 [[32minfo[39m]: company logo state is visible
2026-06-12T10:27:13+02:00 [[32minfo[39m]: login title state is visible
2026-06-12T10:27:13+02:00 [[32minfo[39m]: username input filled successfully with value: ********
2026-06-12T10:27:13+02:00 [[32minfo[39m]: password input filled successfully with value: ********
2026-06-12T10:27:13+02:00 [[32minfo[39m]: Clicked on login button
2026-06-12T10:27:13+02:00 [[32minfo[39m]: invalid credentials error state is hidden
2026-06-12T10:27:29+02:00 [[32minfo[39m]: Dashboard header state is visible
2026-06-12T10:27:29+02:00 [[32minfo[39m]: Upgrade button state is visible
2026-06-12T10:27:29+02:00 [[32minfo[39m]: User dropdown selector state is visible
2026-06-12T10:27:29+02:00 [[35mdebug[39m]: Authentication state saved successfully
2026-06-12T10:27:29+02:00 [[32minfo[39m]: Authentication session state created for role: ADMIN

[[ATTACHMENT|../all-blob-reports/resources/3d7c978060b85ad33cb43a488aa478f7749ba02d.png]]
]]>
</system-out>
</testcase>
</testsuite>
<testsuite name="layers/ui/login/ValidLogin.spec.ts" timestamp="2026-06-12T08:28:12.128Z" hostname="admin-user" tests="1" failures="0" skipped="0" time="14.302" errors="0">
<testcase name="Valid Login Test Suite › should display invalid credentials error when submitting login form with incorrect username" classname="layers/ui/login/ValidLogin.spec.ts" time="14.302">
<system-out>
<![CDATA[2026-06-12T10:27:42+02:00 [[32minfo[39m]: Navigated to https://opensource-demo.orangehrmlive.com/web/index.php/auth/login
2026-06-12T10:27:44+02:00 [[32minfo[39m]: Dashboard header state is visible
2026-06-12T10:27:44+02:00 [[32minfo[39m]: Assertion Passed: Invalid credentials error displayed when submitting login form with incorrect username

[[ATTACHMENT|../all-blob-reports/resources/b8711d8b2cf57a83bd711131c615ffecf1bedd54.png]]
]]>
</system-out>
</testcase>
</testsuite>
<testsuite name="layers/ui/authentication/Auth.admin-user.setup.ts" timestamp="2026-06-12T08:28:12.128Z" hostname="setup-admin-user" tests="1" failures="0" skipped="0" time="20.184" errors="0">
<testcase name="Authenticate Admin User" classname="layers/ui/authentication/Auth.admin-user.setup.ts" time="20.184">
<system-out>
<![CDATA[2026-06-12T10:27:07+02:00 [[32minfo[39m]: Navigated to https://opensource-demo.orangehrmlive.com/web/index.php/auth/login
2026-06-12T10:27:10+02:00 [[32minfo[39m]: company logo state is visible
2026-06-12T10:27:10+02:00 [[32minfo[39m]: login title state is visible
2026-06-12T10:27:10+02:00 [[32minfo[39m]: username input filled successfully with value: ********
2026-06-12T10:27:10+02:00 [[32minfo[39m]: password input filled successfully with value: ********
2026-06-12T10:27:10+02:00 [[32minfo[39m]: Clicked on login button
2026-06-12T10:27:10+02:00 [[32minfo[39m]: invalid credentials error state is hidden
2026-06-12T10:27:23+02:00 [[32minfo[39m]: Dashboard header state is visible
2026-06-12T10:27:23+02:00 [[32minfo[39m]: Upgrade button state is visible
2026-06-12T10:27:23+02:00 [[32minfo[39m]: User dropdown selector state is visible
2026-06-12T10:27:23+02:00 [[35mdebug[39m]: Authentication state saved successfully
2026-06-12T10:27:23+02:00 [[32minfo[39m]: Authentication session state created for role: ADMIN

[[ATTACHMENT|../all-blob-reports/resources/74312dc48e6cfdb1f853ddeee5db133218b42e44.png]]
]]>
</system-out>
</testcase>
</testsuite>
<testsuite name="layers/ui/login/ValidLogin.spec.ts" timestamp="2026-06-12T08:28:12.128Z" hostname="admin-user" tests="1" failures="0" skipped="0" time="4.563" errors="0">
<testcase name="Valid Login Test Suite › verify page title is displayed correctly" classname="layers/ui/login/ValidLogin.spec.ts" time="4.563">
<system-out>
<![CDATA[2026-06-12T10:27:29+02:00 [[32minfo[39m]: Navigated to https://opensource-demo.orangehrmlive.com/web/index.php/auth/login
2026-06-12T10:27:29+02:00 [[32minfo[39m]: Retrieved page title
2026-06-12T10:27:29+02:00 [[32minfo[39m]: Verified: Page title 'OrangeHRM' matches expected 'OrangeHRM'
2026-06-12T10:27:29+02:00 [[32minfo[39m]: Assertion Passed: Page title is correctly displayed as "OrangeHRM"

[[ATTACHMENT|../all-blob-reports/resources/b072ca59d6c67ad8116eabb51cd57c492868ab4e.png]]
]]>
</system-out>
</testcase>
</testsuite>
<testsuite name="layers/ui/authentication/Auth.admin-user.setup.ts" timestamp="2026-06-12T08:28:12.128Z" hostname="setup-admin-user" tests="1" failures="0" skipped="0" time="24.613" errors="0">
<testcase name="Authenticate Admin User" classname="layers/ui/authentication/Auth.admin-user.setup.ts" time="24.613">
<system-out>
<![CDATA[2026-06-12T10:27:15+02:00 [[32minfo[39m]: Navigated to https://opensource-demo.orangehrmlive.com/web/index.php/auth/login
2026-06-12T10:27:19+02:00 [[32minfo[39m]: company logo state is visible
2026-06-12T10:27:19+02:00 [[32minfo[39m]: login title state is visible
2026-06-12T10:27:19+02:00 [[32minfo[39m]: username input filled successfully with value: ********
2026-06-12T10:27:19+02:00 [[32minfo[39m]: password input filled successfully with value: ********
2026-06-12T10:27:19+02:00 [[32minfo[39m]: Clicked on login button
2026-06-12T10:27:19+02:00 [[32minfo[39m]: invalid credentials error state is hidden
2026-06-12T10:27:34+02:00 [[32minfo[39m]: Dashboard header state is visible
2026-06-12T10:27:34+02:00 [[32minfo[39m]: Upgrade button state is visible
2026-06-12T10:27:34+02:00 [[32minfo[39m]: User dropdown selector state is visible
2026-06-12T10:27:34+02:00 [[35mdebug[39m]: Authentication state saved successfully
2026-06-12T10:27:34+02:00 [[32minfo[39m]: Authentication session state created for role: ADMIN

[[ATTACHMENT|../all-blob-reports/resources/ea4ad70531c2a013f9fa05b3f7e3e8b26d8d735d.png]]
]]>
</system-out>
</testcase>
</testsuite>
<testsuite name="layers/ui/menuItems/Dashboard.spec.ts" timestamp="2026-06-12T08:28:12.128Z" hostname="admin-user" tests="1" failures="0" skipped="0" time="14.474" errors="0">
<testcase name="Dashboard Test Suite › should load dashboard as the default page after successful login" classname="layers/ui/menuItems/Dashboard.spec.ts" time="14.474">
<system-out>
<![CDATA[2026-06-12T10:27:46+02:00 [[32minfo[39m]: Navigated to https://opensource-demo.orangehrmlive.com/web/index.php/auth/login
2026-06-12T10:27:49+02:00 [[32minfo[39m]: Class "active" found on element
2026-06-12T10:27:49+02:00 [[32minfo[39m]: Verified: Dashboard is the default page with URL: /dashboard\/index/
2026-06-12T10:27:49+02:00 [[32minfo[39m]: Assertion Passed: Dashboard is loaded as the default page with correct URL and title

[[ATTACHMENT|../all-blob-reports/resources/74e9de01252b589a7842e29c5489034d4a28dc01.png]]
]]>
</system-out>
</testcase>
</testsuite>
</testsuites>